Determining if the Q_WS_X11 exist failed with the following output:
Change Dir: /Users/martin/src/otherfab/data/OpenMesh-2.0/cmake/CMakeFiles/CMakeTmp

Run Build Command:/opt/local/bin/gmake "cmTryCompileExec/fast"
/opt/local/bin/gmake -f CMakeFiles/cmTryCompileExec.dir/build.make CMakeFiles/cmTryCompileExec.dir/build
gmake[1]: Entering directory `/Users/martin/src/otherfab/data/OpenMesh-2.0/cmake/CMakeFiles/CMakeTmp'
"/Applications/CMake 2.6-4.app/Contents/bin/cmake" -E cmake_progress_report /Users/martin/src/otherfab/data/OpenMesh-2.0/cmake/CMakeFiles/CMakeTmp/CMakeFiles 1
Building C object CMakeFiles/cmTryCompileExec.dir/CheckSymbolExists.c.o
/usr/bin/gcc   -F/Library/Frameworks   -o CMakeFiles/cmTryCompileExec.dir/CheckSymbolExists.c.o   -c /Users/martin/src/otherfab/data/OpenMesh-2.0/cmake/CMakeFiles/CMakeTmp/CheckSymbolExists.c
In file included from /Users/martin/src/otherfab/data/OpenMesh-2.0/cmake/CMakeFiles/CMakeTmp/CheckSymbolExists.c:2:
/Library/Frameworks/QtCore.framework/Headers/qglobal.h:311:6: warning: #warning "Support for this version of Mac OS X is still preliminary"
/Users/martin/src/otherfab/data/OpenMesh-2.0/cmake/CMakeFiles/CMakeTmp/CheckSymbolExists.c: In function ‘main’:
/Users/martin/src/otherfab/data/OpenMesh-2.0/cmake/CMakeFiles/CMakeTmp/CheckSymbolExists.c:8: error: ‘Q_WS_X11’ undeclared (first use in this function)
/Users/martin/src/otherfab/data/OpenMesh-2.0/cmake/CMakeFiles/CMakeTmp/CheckSymbolExists.c:8: error: (Each undeclared identifier is reported only once
/Users/martin/src/otherfab/data/OpenMesh-2.0/cmake/CMakeFiles/CMakeTmp/CheckSymbolExists.c:8: error: for each function it appears in.)
gmake[1]: *** [CMakeFiles/cmTryCompileExec.dir/CheckSymbolExists.c.o] Error 1
gmake[1]: Leaving directory `/Users/martin/src/otherfab/data/OpenMesh-2.0/cmake/CMakeFiles/CMakeTmp'
gmake: *** [cmTryCompileExec/fast] Error 2

File /Users/martin/src/otherfab/data/OpenMesh-2.0/cmake/CMakeFiles/CMakeTmp/CheckSymbolExists.c:
/* */
#include <QtCore/qglobal.h>

void cmakeRequireSymbol(int dummy,...){(void)dummy;}
int main()
{
#ifndef Q_WS_X11
  cmakeRequireSymbol(0,&Q_WS_X11);
#endif
  return 0;
}

Determining if the Q_WS_WIN exist failed with the following output:
Change Dir: /Users/martin/src/otherfab/data/OpenMesh-2.0/cmake/CMakeFiles/CMakeTmp

Run Build Command:/opt/local/bin/gmake "cmTryCompileExec/fast"
/opt/local/bin/gmake -f CMakeFiles/cmTryCompileExec.dir/build.make CMakeFiles/cmTryCompileExec.dir/build
gmake[1]: Entering directory `/Users/martin/src/otherfab/data/OpenMesh-2.0/cmake/CMakeFiles/CMakeTmp'
"/Applications/CMake 2.6-4.app/Contents/bin/cmake" -E cmake_progress_report /Users/martin/src/otherfab/data/OpenMesh-2.0/cmake/CMakeFiles/CMakeTmp/CMakeFiles 1
Building C object CMakeFiles/cmTryCompileExec.dir/CheckSymbolExists.c.o
/usr/bin/gcc   -F/Library/Frameworks   -o CMakeFiles/cmTryCompileExec.dir/CheckSymbolExists.c.o   -c /Users/martin/src/otherfab/data/OpenMesh-2.0/cmake/CMakeFiles/CMakeTmp/CheckSymbolExists.c
In file included from /Users/martin/src/otherfab/data/OpenMesh-2.0/cmake/CMakeFiles/CMakeTmp/CheckSymbolExists.c:2:
/Library/Frameworks/QtCore.framework/Headers/qglobal.h:311:6: warning: #warning "Support for this version of Mac OS X is still preliminary"
/Users/martin/src/otherfab/data/OpenMesh-2.0/cmake/CMakeFiles/CMakeTmp/CheckSymbolExists.c: In function ‘main’:
/Users/martin/src/otherfab/data/OpenMesh-2.0/cmake/CMakeFiles/CMakeTmp/CheckSymbolExists.c:8: error: ‘Q_WS_WIN’ undeclared (first use in this function)
/Users/martin/src/otherfab/data/OpenMesh-2.0/cmake/CMakeFiles/CMakeTmp/CheckSymbolExists.c:8: error: (Each undeclared identifier is reported only once
/Users/martin/src/otherfab/data/OpenMesh-2.0/cmake/CMakeFiles/CMakeTmp/CheckSymbolExists.c:8: error: for each function it appears in.)
gmake[1]: *** [CMakeFiles/cmTryCompileExec.dir/CheckSymbolExists.c.o] Error 1
gmake[1]: Leaving directory `/Users/martin/src/otherfab/data/OpenMesh-2.0/cmake/CMakeFiles/CMakeTmp'
gmake: *** [cmTryCompileExec/fast] Error 2

File /Users/martin/src/otherfab/data/OpenMesh-2.0/cmake/CMakeFiles/CMakeTmp/CheckSymbolExists.c:
/* */
#include <QtCore/qglobal.h>

void cmakeRequireSymbol(int dummy,...){(void)dummy;}
int main()
{
#ifndef Q_WS_WIN
  cmakeRequireSymbol(0,&Q_WS_WIN);
#endif
  return 0;
}

Determining if the Q_WS_QWS exist failed with the following output:
Change Dir: /Users/martin/src/otherfab/data/OpenMesh-2.0/cmake/CMakeFiles/CMakeTmp

Run Build Command:/opt/local/bin/gmake "cmTryCompileExec/fast"
/opt/local/bin/gmake -f CMakeFiles/cmTryCompileExec.dir/build.make CMakeFiles/cmTryCompileExec.dir/build
gmake[1]: Entering directory `/Users/martin/src/otherfab/data/OpenMesh-2.0/cmake/CMakeFiles/CMakeTmp'
"/Applications/CMake 2.6-4.app/Contents/bin/cmake" -E cmake_progress_report /Users/martin/src/otherfab/data/OpenMesh-2.0/cmake/CMakeFiles/CMakeTmp/CMakeFiles 1
Building C object CMakeFiles/cmTryCompileExec.dir/CheckSymbolExists.c.o
/usr/bin/gcc   -F/Library/Frameworks   -o CMakeFiles/cmTryCompileExec.dir/CheckSymbolExists.c.o   -c /Users/martin/src/otherfab/data/OpenMesh-2.0/cmake/CMakeFiles/CMakeTmp/CheckSymbolExists.c
In file included from /Users/martin/src/otherfab/data/OpenMesh-2.0/cmake/CMakeFiles/CMakeTmp/CheckSymbolExists.c:2:
/Library/Frameworks/QtCore.framework/Headers/qglobal.h:311:6: warning: #warning "Support for this version of Mac OS X is still preliminary"
/Users/martin/src/otherfab/data/OpenMesh-2.0/cmake/CMakeFiles/CMakeTmp/CheckSymbolExists.c: In function ‘main’:
/Users/martin/src/otherfab/data/OpenMesh-2.0/cmake/CMakeFiles/CMakeTmp/CheckSymbolExists.c:8: error: ‘Q_WS_QWS’ undeclared (first use in this function)
/Users/martin/src/otherfab/data/OpenMesh-2.0/cmake/CMakeFiles/CMakeTmp/CheckSymbolExists.c:8: error: (Each undeclared identifier is reported only once
/Users/martin/src/otherfab/data/OpenMesh-2.0/cmake/CMakeFiles/CMakeTmp/CheckSymbolExists.c:8: error: for each function it appears in.)
gmake[1]: *** [CMakeFiles/cmTryCompileExec.dir/CheckSymbolExists.c.o] Error 1
gmake[1]: Leaving directory `/Users/martin/src/otherfab/data/OpenMesh-2.0/cmake/CMakeFiles/CMakeTmp'
gmake: *** [cmTryCompileExec/fast] Error 2

File /Users/martin/src/otherfab/data/OpenMesh-2.0/cmake/CMakeFiles/CMakeTmp/CheckSymbolExists.c:
/* */
#include <QtCore/qglobal.h>

void cmakeRequireSymbol(int dummy,...){(void)dummy;}
int main()
{
#ifndef Q_WS_QWS
  cmakeRequireSymbol(0,&Q_WS_QWS);
#endif
  return 0;
}

Determining if the QT_MAC_USE_COCOA exist failed with the following output:
Change Dir: /Users/martin/src/otherfab/data/OpenMesh-2.0/cmake/CMakeFiles/CMakeTmp

Run Build Command:/opt/local/bin/gmake "cmTryCompileExec/fast"
/opt/local/bin/gmake -f CMakeFiles/cmTryCompileExec.dir/build.make CMakeFiles/cmTryCompileExec.dir/build
gmake[1]: Entering directory `/Users/martin/src/otherfab/data/OpenMesh-2.0/cmake/CMakeFiles/CMakeTmp'
"/Applications/CMake 2.6-4.app/Contents/bin/cmake" -E cmake_progress_report /Users/martin/src/otherfab/data/OpenMesh-2.0/cmake/CMakeFiles/CMakeTmp/CMakeFiles 1
Building C object CMakeFiles/cmTryCompileExec.dir/CheckSymbolExists.c.o
/usr/bin/gcc   -F/Library/Frameworks   -o CMakeFiles/cmTryCompileExec.dir/CheckSymbolExists.c.o   -c /Users/martin/src/otherfab/data/OpenMesh-2.0/cmake/CMakeFiles/CMakeTmp/CheckSymbolExists.c
/Users/martin/src/otherfab/data/OpenMesh-2.0/cmake/CMakeFiles/CMakeTmp/CheckSymbolExists.c: In function ‘main’:
/Users/martin/src/otherfab/data/OpenMesh-2.0/cmake/CMakeFiles/CMakeTmp/CheckSymbolExists.c:8: error: ‘QT_MAC_USE_COCOA’ undeclared (first use in this function)
/Users/martin/src/otherfab/data/OpenMesh-2.0/cmake/CMakeFiles/CMakeTmp/CheckSymbolExists.c:8: error: (Each undeclared identifier is reported only once
/Users/martin/src/otherfab/data/OpenMesh-2.0/cmake/CMakeFiles/CMakeTmp/CheckSymbolExists.c:8: error: for each function it appears in.)
gmake[1]: Leaving directory `/Users/martin/src/otherfab/data/OpenMesh-2.0/cmake/CMakeFiles/CMakeTmp'
gmake[1]: *** [CMakeFiles/cmTryCompileExec.dir/CheckSymbolExists.c.o] Error 1
gmake: *** [cmTryCompileExec/fast] Error 2

File /Users/martin/src/otherfab/data/OpenMesh-2.0/cmake/CMakeFiles/CMakeTmp/CheckSymbolExists.c:
/* */
#include <QtCore/qconfig.h>

void cmakeRequireSymbol(int dummy,...){(void)dummy;}
int main()
{
#ifndef QT_MAC_USE_COCOA
  cmakeRequireSymbol(0,&QT_MAC_USE_COCOA);
#endif
  return 0;
}

